Arguments: 
  /home/chriscauley/node/bin/node /home/chriscauley/node/bin/yarn add @colyseus/social/express

PATH: 
  /home/chriscauley/node/bin:/home/chriscauley/node/bin:/home/chriscauley/.local/bin:/usr/local/sbin:/usr/local/bin:/usr/sbin:/usr/bin:/sbin:/bin:/usr/games:/usr/local/games:/snap/bin

Yarn version: 
  1.19.1

Node version: 
  12.13.0

Platform: 
  linux x64

Trace: 
  Error: https://registry.yarnpkg.com/@colyseus%2fsocial/express: Request "https://registry.yarnpkg.com/@colyseus%2fsocial/express" returned a 405
      at Request.params.callback [as _callback] (/home/chriscauley/node/lib/node_modules/yarn/lib/cli.js:66935:18)
      at Request.self.callback (/home/chriscauley/node/lib/node_modules/yarn/lib/cli.js:140564:22)
      at Request.emit (events.js:210:5)
      at Request.<anonymous> (/home/chriscauley/node/lib/node_modules/yarn/lib/cli.js:141536:10)
      at Request.emit (events.js:210:5)
      at IncomingMessage.<anonymous> (/home/chriscauley/node/lib/node_modules/yarn/lib/cli.js:141458:12)
      at Object.onceWrapper (events.js:299:28)
      at IncomingMessage.emit (events.js:215:7)
      at endReadableNT (_stream_readable.js:1183:12)
      at processTicksAndRejections (internal/process/task_queues.js:80:21)

npm manifest: 
  {
    "name": "my-app",
    "version": "1.0.0",
    "description": "npm init template for bootstraping an empty Colyseus project",
    "main": "index.js",
    "scripts": {
      "start": "node index.js",
      "loadtest": "colyseus-loadtest loadtest/example.js --room my_room --numClients 2",
      "test": "echo \"Error: no test specified\" && exit 1"
    },
    "author": "",
    "license": "UNLICENSED",
    "bugs": {
      "url": "https://github.com/colyseus/create-colyseus/issues"
    },
    "homepage": "https://github.com/colyseus/create-colyseus#readme",
    "devDependencies": {
      "@colyseus/loadtest": "^0.13.1"
    },
    "dependencies": {
      "@colyseus/monitor": "^0.12.2",
      "@colyseus/social": "^0.10.9",
      "colyseus": "^0.13.0",
      "cors": "^2.8.5",
      "express": "^4.16.4",
      "express-jwt": "^5.3.1"
    }
  }

yarn manifest: 
  No manifest

Lockfile: 
  No lockfile
